<?xml version="1.0" encoding="UTF-8"?>
<!-- Generated by org.testng.reporters.JUnitReportReporter -->
<testsuite hostname="DESKTOP-4UKIBT8" failures="0" tests="2" name="elements_Test.TC0001_TextBox_Test" time="64.059" errors="0" timestamp="2024-03-12T23:00:16 IST" skipped="0">
  <testcase classname="elements_Test.TC0001_TextBox_Test" name="testBox_Data" time="41.456"/>
  <testcase classname="elements_Test.TC0001_TextBox_Test" name="testBox_Data" time="22.603"/>
</testsuite> <!-- elements_Test.TC0001_TextBox_Test -->
