<?xml version="1.0" encoding="UTF-8"?>
<!-- Generated by org.testng.reporters.JUnitReportReporter -->
<testsuite hostname="DESKTOP-4UKIBT8" failures="0" tests="1" name="elements_Test.TC0003_RadioButton_Test" time="33.195" errors="0" timestamp="2024-03-12T23:00:16 IST" skipped="0">
  <testcase classname="elements_Test.TC0003_RadioButton_Test" name="radioButton_Data" time="33.195"/>
</testsuite> <!-- elements_Test.TC0003_RadioButton_Test -->
